<?xml version="1.0" encoding="UTF-8"?>
<!-- Generated by org.testng.reporters.JUnitXMLReporter -->
<testsuite hostname="DESKTOP-M8TV6GU" name="Test" tests="4" failures="0" timestamp="15 Mar 2020 04:19:00 GMT" time="0.088" errors="0">
  <testcase name="testMethodOne" time="0.024" classname="Run_TestNG_Prog.test1"/>
  <testcase name="testMethodFour" time="0.004" classname="Run_TestNG_Prog.test1"/>
  <testcase name="testMethodThree" time="0.004" classname="Run_TestNG_Prog.test1"/>
  <testcase name="testMethodTwo" time="0.007" classname="Run_TestNG_Prog.test1"/>
</testsuite>
