<?xml version="1.0" encoding="UTF-8"?>
<!-- Generated by org.testng.reporters.JUnitXMLReporter -->
<testsuite hostname="DESKTOP-M8TV6GU" name="Test" tests="4" failures="0" timestamp="15 Mar 2020 05:17:41 GMT" time="0.065" errors="0">
  <testcase name="testMethodOne" time="0.022" classname="Run_TestNG_Prog.test1"/>
  <testcase name="testMethodFour" time="0.001" classname="Run_TestNG_Prog.test1"/>
  <testcase name="testMethodThree" time="0.001" classname="Run_TestNG_Prog.test1"/>
  <testcase name="testMethodTwo" time="0.001" classname="Run_TestNG_Prog.test1"/>
</testsuite>
