<?xml version="1.0" encoding="UTF-8"?>
<testng-results skipped="0" failed="0" total="4" passed="4">
  <reporter-output>
  </reporter-output>
  <suite name="Suite" duration-ms="65" started-at="2020-03-15T10:47:40Z" finished-at="2020-03-15T10:47:40Z">
    <groups>
    </groups>
    <test name="Test" duration-ms="65" started-at="2020-03-15T10:47:40Z" finished-at="2020-03-15T10:47:40Z">
      <class name="Run_TestNG_Prog.test1">
        <test-method status="PASS" signature="testMethodOne()[pri:1, instance:Run_TestNG_Prog.test1@33b37288]" name="testMethodOne" duration-ms="22" started-at="2020-03-15T10:47:40Z" finished-at="2020-03-15T10:47:40Z">
        </test-method>
        <test-method status="PASS" signature="testMethodFour()[pri:2, instance:Run_TestNG_Prog.test1@33b37288]" name="testMethodFour" duration-ms="1" started-at="2020-03-15T10:47:40Z" finished-at="2020-03-15T10:47:40Z">
        </test-method>
        <test-method status="PASS" signature="testMethodThree()[pri:3, instance:Run_TestNG_Prog.test1@33b37288]" name="testMethodThree" duration-ms="1" started-at="2020-03-15T10:47:40Z" finished-at="2020-03-15T10:47:40Z">
        </test-method>
        <test-method status="PASS" signature="testMethodTwo()[pri:4, instance:Run_TestNG_Prog.test1@33b37288]" name="testMethodTwo" duration-ms="1" started-at="2020-03-15T10:47:40Z" finished-at="2020-03-15T10:47:40Z">
        </test-method>
      </class>
    </test>
  </suite>
</testng-results>
