<?xml version="1.0" encoding="UTF-8"?>
<testsuite xmlns:xsi="http://www.w3.org/2001/XMLSchema-instance" xsi:noNamespaceSchemaLocation="https://maven.apache.org/surefire/maven-surefire-plugin/xsd/surefire-test-report-3.0.xsd" version="3.0" name="TestSuite" time="3.425" tests="4" errors="0" skipped="0" failures="0">
  <properties>
[...]
</properties>
  <testcase name="testMethodOne" classname="Run_TestNG_Prog.test1" time="0.022"/>
  <testcase name="testMethodFour" classname="Run_TestNG_Prog.test1" time="0.002"/>
  <testcase name="testMethodThree" classname="Run_TestNG_Prog.test1" time="0.001"/>
  <testcase name="testMethodTwo" classname="Run_TestNG_Prog.test1" time="0.002"/>
</testsuite>